c:\users\kenny\source\repos\projectopengl\projectopengl\x64\debug\vc143.pdb
c:\users\kenny\source\repos\projectopengl\projectopengl\x64\debug\vc143.idb
c:\users\kenny\source\repos\projectopengl\projectopengl\x64\debug\application.obj
c:\users\kenny\source\repos\projectopengl\projectopengl\x64\debug\projectopengl.ilk
c:\users\kenny\source\repos\projectopengl\x64\debug\projectopengl.pdb
c:\users\kenny\source\repos\projectopengl\projectopengl\x64\debug\projectopengl.tlog\cl.command.1.tlog
c:\users\kenny\source\repos\projectopengl\projectopengl\x64\debug\projectopengl.tlog\cl.items.tlog
c:\users\kenny\source\repos\projectopengl\projectopengl\x64\debug\projectopengl.tlog\cl.read.1.tlog
c:\users\kenny\source\repos\projectopengl\projectopengl\x64\debug\projectopengl.tlog\cl.write.1.tlog
c:\users\kenny\source\repos\projectopengl\projectopengl\x64\debug\projectopengl.tlog\link.20392-cvtres.read.1.tlog
c:\users\kenny\source\repos\projectopengl\projectopengl\x64\debug\projectopengl.tlog\link.20392-cvtres.write.1.tlog
c:\users\kenny\source\repos\projectopengl\projectopengl\x64\debug\projectopengl.tlog\link.20392-rc.read.1.tlog
c:\users\kenny\source\repos\projectopengl\projectopengl\x64\debug\projectopengl.tlog\link.20392-rc.write.1.tlog
c:\users\kenny\source\repos\projectopengl\projectopengl\x64\debug\projectopengl.tlog\link.20392.read.1.tlog
c:\users\kenny\source\repos\projectopengl\projectopengl\x64\debug\projectopengl.tlog\link.20392.read.2.tlog
c:\users\kenny\source\repos\projectopengl\projectopengl\x64\debug\projectopengl.tlog\link.20392.read.3.tlog
c:\users\kenny\source\repos\projectopengl\projectopengl\x64\debug\projectopengl.tlog\link.20392.read.5.tlog
c:\users\kenny\source\repos\projectopengl\projectopengl\x64\debug\projectopengl.tlog\link.20392.write.1.tlog
c:\users\kenny\source\repos\projectopengl\projectopengl\x64\debug\projectopengl.tlog\link.command.1.tlog
c:\users\kenny\source\repos\projectopengl\projectopengl\x64\debug\projectopengl.tlog\link.read.1.tlog
c:\users\kenny\source\repos\projectopengl\projectopengl\x64\debug\projectopengl.tlog\link.secondary.1.tlog
c:\users\kenny\source\repos\projectopengl\projectopengl\x64\debug\projectopengl.tlog\link.write.1.tlog
